src/adapters/repository/complaintRepository.ts(9,37): error TS2345: Argument of type 'IComplaintModel & Required<{ _id: ObjectId; }> & { __v: number; }' is not assignable to parameter of type 'Record<string, unknown>'.
  Index signature for type 'string' is missing in type 'IComplaintModel & Required<{ _id: ObjectId; }> & { __v: number; }'.
src/adapters/repository/complaintRepository.ts(17,41): error TS2345: Argument of type '(IComplaintModel & Required<{ _id: ObjectId; }> & { __v: number; })[]' is not assignable to parameter of type 'Record<string, unknown>[]'.
  Type 'IComplaintModel & Required<{ _id: ObjectId; }> & { __v: number; }' is not assignable to type 'Record<string, unknown>'.
    Index signature for type 'string' is missing in type 'IComplaintModel & Required<{ _id: ObjectId; }> & { __v: number; }'.
src/adapters/repository/complaintRepository.ts(22,49): error TS2345: Argument of type 'IComplaintModel & Required<{ _id: ObjectId; }> & { __v: number; }' is not assignable to parameter of type 'Record<string, unknown>'.
  Index signature for type 'string' is missing in type 'IComplaintModel & Required<{ _id: ObjectId; }> & { __v: number; }'.
src/adapters/repository/complaintRepository.ts(28,56): error TS2345: Argument of type 'IComplaintModel & Required<{ _id: ObjectId; }> & { __v: number; }' is not assignable to parameter of type 'Record<string, unknown>'.
  Index signature for type 'string' is missing in type 'IComplaintModel & Required<{ _id: ObjectId; }> & { __v: number; }'.
src/adapters/repository/complaintRepository.ts(32,49): error TS2345: Argument of type 'IComplaintModel & Required<{ _id: ObjectId; }> & { __v: number; }' is not assignable to parameter of type 'Record<string, unknown>'.
  Index signature for type 'string' is missing in type 'IComplaintModel & Required<{ _id: ObjectId; }> & { __v: number; }'.
src/adapters/repository/user/bookingRepository.ts(96,7): error TS2322: Type '"held" | "released" | "refunded" | "partially_refunded" | undefined' is not assignable to type '"held" | "released" | "refunded" | undefined'.
  Type '"partially_refunded"' is not assignable to type '"held" | "released" | "refunded" | undefined'.
src/application/useCases/creator/subscription/creatorSubscriptionWebhookUseCase.ts(97,51): error TS2345: Argument of type 'SubscriptionEntity' is not assignable to parameter of type '{ price: number; duration: string; }'.
  Types of property 'duration' are incompatible.
    Type 'number' is not assignable to type 'string'.
src/application/useCases/creator/subscription/creatorSubscriptionWebhookUseCase.ts(145,51): error TS2345: Argument of type 'SubscriptionEntity' is not assignable to parameter of type '{ price: number; duration: string; }'.
  Types of property 'duration' are incompatible.
    Type 'number' is not assignable to type 'string'.
src/application/useCases/creator/subscription/creatorSubscriptionWebhookUseCase.ts(176,32): error TS2339: Property 'name' does not exist on type '{ price: number; duration: string; }'.
src/application/useCases/creator/subscription/creatorSubscriptionWebhookUseCase.ts(177,37): error TS2339: Property '_id' does not exist on type '{ id: string; }'.
src/application/useCases/creator/subscription/creatorSubscriptionWebhookUseCase.ts(183,61): error TS2339: Property 'name' does not exist on type '{ price: number; duration: string; }'.
src/application/useCases/creator/subscription/creatorSubscriptionWebhookUseCase.ts(183,82): error TS2339: Property 'fullName' does not exist on type '{ id: string; }'.
src/application/useCases/creator/subscription/creatorSubscriptionWebhookUseCase.ts(186,39): error TS2339: Property 'fullName' does not exist on type '{ id: string; }'.
src/application/useCases/creator/subscription/creatorSubscriptionWebhookUseCase.ts(194,33): error TS2339: Property 'name' does not exist on type '{ price: number; duration: string; }'.
